<?xml version="1.0" encoding="UTF-8"?>
<!-- Generated by org.testng.reporters.JUnitReportReporter -->
<testsuite skipped="0" hostname="Ashish-PC" name="TestNg_Tutoral_Package.C6_exceptionTimeOut" tests="1" failures="0" timestamp="18 Dec 2017 16:59:40 GMT" time="0.001" errors="0">
  <testcase name="test1" time="0.001" classname="TestNg_Tutoral_Package.C6_exceptionTimeOut"/>
</testsuite> <!-- TestNg_Tutoral_Package.C6_exceptionTimeOut -->
