<?xml version="1.0" encoding="UTF-8"?>
<!-- Generated by org.testng.reporters.JUnitReportReporter -->
<testsuite skipped="0" hostname="Ashish-PC" name="TestNg_Tutoral_Package.C5_InvocationCount" tests="10" failures="0" timestamp="18 Dec 2017 16:59:41 GMT" time="0.041" errors="0">
  <testcase name="Addition" time="0.001" classname="TestNg_Tutoral_Package.C5_InvocationCount"/>
  <testcase name="Addition" time="0.002" classname="TestNg_Tutoral_Package.C5_InvocationCount"/>
  <testcase name="Addition" time="0.027" classname="TestNg_Tutoral_Package.C5_InvocationCount"/>
  <testcase name="Addition" time="0.001" classname="TestNg_Tutoral_Package.C5_InvocationCount"/>
  <testcase name="Addition" time="0.002" classname="TestNg_Tutoral_Package.C5_InvocationCount"/>
  <testcase name="Addition" time="0.001" classname="TestNg_Tutoral_Package.C5_InvocationCount"/>
  <testcase name="Addition" time="0.002" classname="TestNg_Tutoral_Package.C5_InvocationCount"/>
  <testcase name="Addition" time="0.001" classname="TestNg_Tutoral_Package.C5_InvocationCount"/>
  <testcase name="Addition" time="0.002" classname="TestNg_Tutoral_Package.C5_InvocationCount"/>
  <testcase name="Addition" time="0.002" classname="TestNg_Tutoral_Package.C5_InvocationCount"/>
</testsuite> <!-- TestNg_Tutoral_Package.C5_InvocationCount -->
