<?xml version="1.0" encoding="UTF-8"?>
<!-- Generated by org.testng.reporters.JUnitReportReporter -->
<testsuite skipped="0" hostname="Ashish-PC" name="TestNg_Tutoral_Package.C1_TestNg_Basic" tests="2" failures="0" timestamp="18 Dec 2017 16:59:40 GMT" time="0.012" errors="0">
  <testcase name="serachtest" time="0.003" classname="TestNg_Tutoral_Package.C1_TestNg_Basic"/>
  <testcase name="googleTitleTest" time="0.009" classname="TestNg_Tutoral_Package.C1_TestNg_Basic"/>
</testsuite> <!-- TestNg_Tutoral_Package.C1_TestNg_Basic -->
