<?xml version="1.0" encoding="UTF-8"?>
<!-- Generated by org.testng.reporters.JUnitReportReporter -->
<testsuite skipped="0" hostname="DESKTOP-1F7P7C3" name="TestNg_Tutoral_Package.C2_TestNG_Basic_Easy_Understand" tests="3" failures="0" timestamp="03 Oct 2020 08:57:00 GMT" time="0.010" errors="0">
  <testcase name="serachtest" time="0.003" classname="TestNg_Tutoral_Package.C2_TestNG_Basic_Easy_Understand"/>
  <testcase name="spellingtest" time="0.001" classname="TestNg_Tutoral_Package.C2_TestNG_Basic_Easy_Understand"/>
  <testcase name="googleTitleTest" time="0.006" classname="TestNg_Tutoral_Package.C2_TestNG_Basic_Easy_Understand"/>
</testsuite> <!-- TestNg_Tutoral_Package.C2_TestNG_Basic_Easy_Understand -->
